Script started at Thu Oct 16 14:43:42 ADT 2025
Summaries will be saved to protocols.txt
Processing Categorical Infrastructure - draft 1.txt
Temporary directory created: /mnt/c/Users/nateg/OneDrive/Documentos/GitHub/paracosm/processing/tmp_CategoricalInfrastructure-draft1.txt_7doavM
File split into chunks: /mnt/c/Users/nateg/OneDrive/Documentos/GitHub/paracosm/processing/tmp_CategoricalInfrastructure-draft1.txt_7doavM/chunk_aa
Temporary directory /mnt/c/Users/nateg/OneDrive/Documentos/GitHub/paracosm/processing/tmp_CategoricalInfrastructure-draft1.txt_7doavM removed
Categorical Infrastructure - draft 1.txt
Processing Categorical Infrastructure - draft 2.txt
Temporary directory created: /mnt/c/Users/nateg/OneDrive/Documentos/GitHub/paracosm/processing/tmp_CategoricalInfrastructure-draft2.txt_bpWPrC
File split into chunks: /mnt/c/Users/nateg/OneDrive/Documentos/GitHub/paracosm/processing/tmp_CategoricalInfrastructure-draft2.txt_bpWPrC/chunk_aa
Temporary directory /mnt/c/Users/nateg/OneDrive/Documentos/GitHub/paracosm/processing/tmp_CategoricalInfrastructure-draft2.txt_bpWPrC removed
Categorical Infrastructure - draft 2.txt
Processing Compression, Inference, and Coherence.txt
Temporary directory created: /mnt/c/Users/nateg/OneDrive/Documentos/GitHub/paracosm/processing/tmp_Compression,Inference,andCoherence.txt_8sUs3C
File split into chunks: /mnt/c/Users/nateg/OneDrive/Documentos/GitHub/paracosm/processing/tmp_Compression,Inference,andCoherence.txt_8sUs3C/chunk_aa
/mnt/c/Users/nateg/OneDrive/Documentos/GitHub/paracosm/processing/tmp_Compression,Inference,andCoherence.txt_8sUs3C/chunk_ab
/mnt/c/Users/nateg/OneDrive/Documentos/GitHub/paracosm/processing/tmp_Compression,Inference,andCoherence.txt_8sUs3C/chunk_ac
/mnt/c/Users/nateg/OneDrive/Documentos/GitHub/paracosm/processing/tmp_Compression,Inference,andCoherence.txt_8sUs3C/chunk_ad
/mnt/c/Users/nateg/OneDrive/Documentos/GitHub/paracosm/processing/tmp_Compression,Inference,andCoherence.txt_8sUs3C/chunk_ae
/mnt/c/Users/nateg/OneDrive/Documentos/GitHub/paracosm/processing/tmp_Compression,Inference,andCoherence.txt_8sUs3C/chunk_af
Temporary directory /mnt/c/Users/nateg/OneDrive/Documentos/GitHub/paracosm/processing/tmp_Compression,Inference,andCoherence.txt_8sUs3C removed
Compression, Inference, and Coherence.txt
Processing ImageMM framework overview.txt
Temporary directory created: /mnt/c/Users/nateg/OneDrive/Documentos/GitHub/paracosm/processing/tmp_ImageMMframeworkoverview.txt_BMiace
File split into chunks: /mnt/c/Users/nateg/OneDrive/Documentos/GitHub/paracosm/processing/tmp_ImageMMframeworkoverview.txt_BMiace/chunk_aa
/mnt/c/Users/nateg/OneDrive/Documentos/GitHub/paracosm/processing/tmp_ImageMMframeworkoverview.txt_BMiace/chunk_ab
/mnt/c/Users/nateg/OneDrive/Documentos/GitHub/paracosm/processing/tmp_ImageMMframeworkoverview.txt_BMiace/chunk_ac
/mnt/c/Users/nateg/OneDrive/Documentos/GitHub/paracosm/processing/tmp_ImageMMframeworkoverview.txt_BMiace/chunk_ad
/mnt/c/Users/nateg/OneDrive/Documentos/GitHub/paracosm/processing/tmp_ImageMMframeworkoverview.txt_BMiace/chunk_ae
/mnt/c/Users/nateg/OneDrive/Documentos/GitHub/paracosm/processing/tmp_ImageMMframeworkoverview.txt_BMiace/chunk_af
/mnt/c/Users/nateg/OneDrive/Documentos/GitHub/paracosm/processing/tmp_ImageMMframeworkoverview.txt_BMiace/chunk_ag
/mnt/c/Users/nateg/OneDrive/Documentos/GitHub/paracosm/processing/tmp_ImageMMframeworkoverview.txt_BMiace/chunk_ah
/mnt/c/Users/nateg/OneDrive/Documentos/GitHub/paracosm/processing/tmp_ImageMMframeworkoverview.txt_BMiace/chunk_ai
Temporary directory /mnt/c/Users/nateg/OneDrive/Documentos/GitHub/paracosm/processing/tmp_ImageMMframeworkoverview.txt_BMiace removed
ImageMM framework overview.txt
Processing Literature Review.txt
Temporary directory created: /mnt/c/Users/nateg/OneDrive/Documentos/GitHub/paracosm/processing/tmp_LiteratureReview.txt_QBfL4F
File split into chunks: /mnt/c/Users/nateg/OneDrive/Documentos/GitHub/paracosm/processing/tmp_LiteratureReview.txt_QBfL4F/chunk_aa
Temporary directory /mnt/c/Users/nateg/OneDrive/Documentos/GitHub/paracosm/processing/tmp_LiteratureReview.txt_QBfL4F removed
Literature Review.txt
Processing RSVP Lagrangian formulation.txt
Temporary directory created: /mnt/c/Users/nateg/OneDrive/Documentos/GitHub/paracosm/processing/tmp_RSVPLagrangianformulation.txt_SJlzFG
File split into chunks: /mnt/c/Users/nateg/OneDrive/Documentos/GitHub/paracosm/processing/tmp_RSVPLagrangianformulation.txt_SJlzFG/chunk_aa
Temporary directory /mnt/c/Users/nateg/OneDrive/Documentos/GitHub/paracosm/processing/tmp_RSVPLagrangianformulation.txt_SJlzFG removed
RSVP Lagrangian formulation.txt
Processing RSVP compression and quantization.txt
Temporary directory created: /mnt/c/Users/nateg/OneDrive/Documentos/GitHub/paracosm/processing/tmp_RSVPcompressionandquantization.txt_pPHO9E
File split into chunks: /mnt/c/Users/nateg/OneDrive/Documentos/GitHub/paracosm/processing/tmp_RSVPcompressionandquantization.txt_pPHO9E/chunk_aa
/mnt/c/Users/nateg/OneDrive/Documentos/GitHub/paracosm/processing/tmp_RSVPcompressionandquantization.txt_pPHO9E/chunk_ab
/mnt/c/Users/nateg/OneDrive/Documentos/GitHub/paracosm/processing/tmp_RSVPcompressionandquantization.txt_pPHO9E/chunk_ac
/mnt/c/Users/nateg/OneDrive/Documentos/GitHub/paracosm/processing/tmp_RSVPcompressionandquantization.txt_pPHO9E/chunk_ad
/mnt/c/Users/nateg/OneDrive/Documentos/GitHub/paracosm/processing/tmp_RSVPcompressionandquantization.txt_pPHO9E/chunk_ae
/mnt/c/Users/nateg/OneDrive/Documentos/GitHub/paracosm/processing/tmp_RSVPcompressionandquantization.txt_pPHO9E/chunk_af
/mnt/c/Users/nateg/OneDrive/Documentos/GitHub/paracosm/processing/tmp_RSVPcompressionandquantization.txt_pPHO9E/chunk_ag
/mnt/c/Users/nateg/OneDrive/Documentos/GitHub/paracosm/processing/tmp_RSVPcompressionandquantization.txt_pPHO9E/chunk_ah
Temporary directory /mnt/c/Users/nateg/OneDrive/Documentos/GitHub/paracosm/processing/tmp_RSVPcompressionandquantization.txt_pPHO9E removed
RSVP compression and quantization.txt
Processing Rama_ Thermodynamic Governance.txt
Temporary directory created: /mnt/c/Users/nateg/OneDrive/Documentos/GitHub/paracosm/processing/tmp_Rama_ThermodynamicGovernance.txt_fWf68k
File split into chunks: /mnt/c/Users/nateg/OneDrive/Documentos/GitHub/paracosm/processing/tmp_Rama_ThermodynamicGovernance.txt_fWf68k/chunk_aa
/mnt/c/Users/nateg/OneDrive/Documentos/GitHub/paracosm/processing/tmp_Rama_ThermodynamicGovernance.txt_fWf68k/chunk_ab
/mnt/c/Users/nateg/OneDrive/Documentos/GitHub/paracosm/processing/tmp_Rama_ThermodynamicGovernance.txt_fWf68k/chunk_ac
/mnt/c/Users/nateg/OneDrive/Documentos/GitHub/paracosm/processing/tmp_Rama_ThermodynamicGovernance.txt_fWf68k/chunk_ad
/mnt/c/Users/nateg/OneDrive/Documentos/GitHub/paracosm/processing/tmp_Rama_ThermodynamicGovernance.txt_fWf68k/chunk_ae
/mnt/c/Users/nateg/OneDrive/Documentos/GitHub/paracosm/processing/tmp_Rama_ThermodynamicGovernance.txt_fWf68k/chunk_af
/mnt/c/Users/nateg/OneDrive/Documentos/GitHub/paracosm/processing/tmp_Rama_ThermodynamicGovernance.txt_fWf68k/chunk_ag
/mnt/c/Users/nateg/OneDrive/Documentos/GitHub/paracosm/processing/tmp_Rama_ThermodynamicGovernance.txt_fWf68k/chunk_ah
/mnt/c/Users/nateg/OneDrive/Documentos/GitHub/paracosm/processing/tmp_Rama_ThermodynamicGovernance.txt_fWf68k/chunk_ai
/mnt/c/Users/nateg/OneDrive/Documentos/GitHub/paracosm/processing/tmp_Rama_ThermodynamicGovernance.txt_fWf68k/chunk_aj
/mnt/c/Users/nateg/OneDrive/Documentos/GitHub/paracosm/processing/tmp_Rama_ThermodynamicGovernance.txt_fWf68k/chunk_ak
/mnt/c/Users/nateg/OneDrive/Documentos/GitHub/paracosm/processing/tmp_Rama_ThermodynamicGovernance.txt_fWf68k/chunk_al
/mnt/c/Users/nateg/OneDrive/Documentos/GitHub/paracosm/processing/tmp_Rama_ThermodynamicGovernance.txt_fWf68k/chunk_am
/mnt/c/Users/nateg/OneDrive/Documentos/GitHub/paracosm/processing/tmp_Rama_ThermodynamicGovernance.txt_fWf68k/chunk_an
Temporary directory /mnt/c/Users/nateg/OneDrive/Documentos/GitHub/paracosm/processing/tmp_Rama_ThermodynamicGovernance.txt_fWf68k removed
Rama_ Thermodynamic Governance.txt
Processing Scene prompt Eloi vs Morlocks.txt
Temporary directory created: /mnt/c/Users/nateg/OneDrive/Documentos/GitHub/paracosm/processing/tmp_ScenepromptEloivsMorlocks.txt_I1GY38
File split into chunks: /mnt/c/Users/nateg/OneDrive/Documentos/GitHub/paracosm/processing/tmp_ScenepromptEloivsMorlocks.txt_I1GY38/chunk_aa
Temporary directory /mnt/c/Users/nateg/OneDrive/Documentos/GitHub/paracosm/processing/tmp_ScenepromptEloivsMorlocks.txt_I1GY38 removed
Scene prompt Eloi vs Morlocks.txt
Processing Spherepop Calculus_ Unified Geometric Computation.txt
Temporary directory created: /mnt/c/Users/nateg/OneDrive/Documentos/GitHub/paracosm/processing/tmp_SpherepopCalculus_UnifiedGeometricComputation.txt_VfWhOr
File split into chunks: /mnt/c/Users/nateg/OneDrive/Documentos/GitHub/paracosm/processing/tmp_SpherepopCalculus_UnifiedGeometricComputation.txt_VfWhOr/chunk_aa
/mnt/c/Users/nateg/OneDrive/Documentos/GitHub/paracosm/processing/tmp_SpherepopCalculus_UnifiedGeometricComputation.txt_VfWhOr/chunk_ab
/mnt/c/Users/nateg/OneDrive/Documentos/GitHub/paracosm/processing/tmp_SpherepopCalculus_UnifiedGeometricComputation.txt_VfWhOr/chunk_ac
/mnt/c/Users/nateg/OneDrive/Documentos/GitHub/paracosm/processing/tmp_SpherepopCalculus_UnifiedGeometricComputation.txt_VfWhOr/chunk_ad
/mnt/c/Users/nateg/OneDrive/Documentos/GitHub/paracosm/processing/tmp_SpherepopCalculus_UnifiedGeometricComputation.txt_VfWhOr/chunk_ae
/mnt/c/Users/nateg/OneDrive/Documentos/GitHub/paracosm/processing/tmp_SpherepopCalculus_UnifiedGeometricComputation.txt_VfWhOr/chunk_af
/mnt/c/Users/nateg/OneDrive/Documentos/GitHub/paracosm/processing/tmp_SpherepopCalculus_UnifiedGeometricComputation.txt_VfWhOr/chunk_ag
/mnt/c/Users/nateg/OneDrive/Documentos/GitHub/paracosm/processing/tmp_SpherepopCalculus_UnifiedGeometricComputation.txt_VfWhOr/chunk_ah
/mnt/c/Users/nateg/OneDrive/Documentos/GitHub/paracosm/processing/tmp_SpherepopCalculus_UnifiedGeometricComputation.txt_VfWhOr/chunk_ai
/mnt/c/Users/nateg/OneDrive/Documentos/GitHub/paracosm/processing/tmp_SpherepopCalculus_UnifiedGeometricComputation.txt_VfWhOr/chunk_aj
/mnt/c/Users/nateg/OneDrive/Documentos/GitHub/paracosm/processing/tmp_SpherepopCalculus_UnifiedGeometricComputation.txt_VfWhOr/chunk_ak
Temporary directory /mnt/c/Users/nateg/OneDrive/Documentos/GitHub/paracosm/processing/tmp_SpherepopCalculus_UnifiedGeometricComputation.txt_VfWhOr removed
Spherepop Calculus_ Unified Geometric Computation.txt
Processing Story outline development.txt
Temporary directory created: /mnt/c/Users/nateg/OneDrive/Documentos/GitHub/paracosm/processing/tmp_Storyoutlinedevelopment.txt_I6msEr
File split into chunks: /mnt/c/Users/nateg/OneDrive/Documentos/GitHub/paracosm/processing/tmp_Storyoutlinedevelopment.txt_I6msEr/chunk_aa
Temporary directory /mnt/c/Users/nateg/OneDrive/Documentos/GitHub/paracosm/processing/tmp_Storyoutlinedevelopment.txt_I6msEr removed
Story outline development.txt
Script completed at Thu Oct 16 15:25:47 ADT 2025
