Script started at Tue Oct 14 10:09:36 ADT 2025
Summaries will be saved to source-control.txt
Processing Appendix - Thermodynamic Geography.txt
Temporary directory created: /mnt/c/Users/nateg/OneDrive/Documentos/GitHub/paracosm/background/tmp_Appendix-ThermodynamicGeography.txt_P9ANN5
File split into chunks: /mnt/c/Users/nateg/OneDrive/Documentos/GitHub/paracosm/background/tmp_Appendix-ThermodynamicGeography.txt_P9ANN5/chunk_aa
Temporary directory /mnt/c/Users/nateg/OneDrive/Documentos/GitHub/paracosm/background/tmp_Appendix-ThermodynamicGeography.txt_P9ANN5 removed
Appendix - Thermodynamic Geography.txt
Processing Consistency Checks.txt
Temporary directory created: /mnt/c/Users/nateg/OneDrive/Documentos/GitHub/paracosm/background/tmp_ConsistencyChecks.txt_kiCaNi
File split into chunks: /mnt/c/Users/nateg/OneDrive/Documentos/GitHub/paracosm/background/tmp_ConsistencyChecks.txt_kiCaNi/chunk_aa
Temporary directory /mnt/c/Users/nateg/OneDrive/Documentos/GitHub/paracosm/background/tmp_ConsistencyChecks.txt_kiCaNi removed
Consistency Checks.txt
Processing Curvature Entropy and Governance - early draft.txt
Temporary directory created: /mnt/c/Users/nateg/OneDrive/Documentos/GitHub/paracosm/background/tmp_CurvatureEntropyandGovernance-earlydraft.txt_VttlL5
File split into chunks: /mnt/c/Users/nateg/OneDrive/Documentos/GitHub/paracosm/background/tmp_CurvatureEntropyandGovernance-earlydraft.txt_VttlL5/chunk_aa
Temporary directory /mnt/c/Users/nateg/OneDrive/Documentos/GitHub/paracosm/background/tmp_CurvatureEntropyandGovernance-earlydraft.txt_VttlL5 removed
Curvature Entropy and Governance - early draft.txt
Processing Entropy Regulation in Societal Dynamics.txt
Temporary directory created: /mnt/c/Users/nateg/OneDrive/Documentos/GitHub/paracosm/background/tmp_EntropyRegulationinSocietalDynamics.txt_Zo65Q2
File split into chunks: /mnt/c/Users/nateg/OneDrive/Documentos/GitHub/paracosm/background/tmp_EntropyRegulationinSocietalDynamics.txt_Zo65Q2/chunk_aa
Temporary directory /mnt/c/Users/nateg/OneDrive/Documentos/GitHub/paracosm/background/tmp_EntropyRegulationinSocietalDynamics.txt_Zo65Q2 removed
Entropy Regulation in Societal Dynamics.txt
Processing Gravity from entropy analysis.txt
Temporary directory created: /mnt/c/Users/nateg/OneDrive/Documentos/GitHub/paracosm/background/tmp_Gravityfromentropyanalysis.txt_DHslxs
File split into chunks: /mnt/c/Users/nateg/OneDrive/Documentos/GitHub/paracosm/background/tmp_Gravityfromentropyanalysis.txt_DHslxs/chunk_aa
Temporary directory /mnt/c/Users/nateg/OneDrive/Documentos/GitHub/paracosm/background/tmp_Gravityfromentropyanalysis.txt_DHslxs removed
Gravity from entropy analysis.txt
Processing Persistent Cohomologies.txt
Temporary directory created: /mnt/c/Users/nateg/OneDrive/Documentos/GitHub/paracosm/background/tmp_PersistentCohomologies.txt_OhZNU1
File split into chunks: /mnt/c/Users/nateg/OneDrive/Documentos/GitHub/paracosm/background/tmp_PersistentCohomologies.txt_OhZNU1/chunk_aa
/mnt/c/Users/nateg/OneDrive/Documentos/GitHub/paracosm/background/tmp_PersistentCohomologies.txt_OhZNU1/chunk_ab
Temporary directory /mnt/c/Users/nateg/OneDrive/Documentos/GitHub/paracosm/background/tmp_PersistentCohomologies.txt_OhZNU1 removed
Persistent Cohomologies.txt
Processing RSVP_ Entropy, Teleology, and Governance.txt
Temporary directory created: /mnt/c/Users/nateg/OneDrive/Documentos/GitHub/paracosm/background/tmp_RSVP_Entropy,Teleology,andGovernance.txt_H7EaLV
File split into chunks: /mnt/c/Users/nateg/OneDrive/Documentos/GitHub/paracosm/background/tmp_RSVP_Entropy,Teleology,andGovernance.txt_H7EaLV/chunk_aa
Temporary directory /mnt/c/Users/nateg/OneDrive/Documentos/GitHub/paracosm/background/tmp_RSVP_Entropy,Teleology,andGovernance.txt_H7EaLV removed
RSVP_ Entropy, Teleology, and Governance.txt
Processing Risk Compensation - early draft.txt
Temporary directory created: /mnt/c/Users/nateg/OneDrive/Documentos/GitHub/paracosm/background/tmp_RiskCompensation-earlydraft.txt_RpSibm
File split into chunks: /mnt/c/Users/nateg/OneDrive/Documentos/GitHub/paracosm/background/tmp_RiskCompensation-earlydraft.txt_RpSibm/chunk_aa
Temporary directory /mnt/c/Users/nateg/OneDrive/Documentos/GitHub/paracosm/background/tmp_RiskCompensation-earlydraft.txt_RpSibm removed
Risk Compensation - early draft.txt
Processing Thermodynamic Governance.txt
Temporary directory created: /mnt/c/Users/nateg/OneDrive/Documentos/GitHub/paracosm/background/tmp_ThermodynamicGovernance.txt_yYmAyr
File split into chunks: /mnt/c/Users/nateg/OneDrive/Documentos/GitHub/paracosm/background/tmp_ThermodynamicGovernance.txt_yYmAyr/chunk_aa
/mnt/c/Users/nateg/OneDrive/Documentos/GitHub/paracosm/background/tmp_ThermodynamicGovernance.txt_yYmAyr/chunk_ab
/mnt/c/Users/nateg/OneDrive/Documentos/GitHub/paracosm/background/tmp_ThermodynamicGovernance.txt_yYmAyr/chunk_ac
Temporary directory /mnt/c/Users/nateg/OneDrive/Documentos/GitHub/paracosm/background/tmp_ThermodynamicGovernance.txt_yYmAyr removed
Thermodynamic Governance.txt
Script completed at Tue Oct 14 11:00:44 ADT 2025
